<?xml version="1.0" encoding="UTF-8"?>
<!-- Generated by org.testng.reporters.JUnitReportReporter -->
<testsuite hostname="DESKTOP-OLE6EBJ" failures="0" tests="1" name="com.testing.TestRegistration" time="6.703" errors="0" timestamp="2022-10-13T23:35:02 IST" skipped="0">
  <testcase classname="com.testing.TestRegistration" name="registration" time="6.703"/>
  <system-out/>
</testsuite> <!-- com.testing.TestRegistration -->
